[debug] [2018-09-10T07:31:52.561Z] ----------------------------------------------------------------------
[debug] [2018-09-10T07:31:52.577Z] Command:       C:\Program Files\nodejs\node.exe C:\Users\bjchoi\AppData\Roaming\npm\node_modules\firebase-tools\bin\firebase serve
[debug] [2018-09-10T07:31:52.577Z] CLI Version:   4.2.1
[debug] [2018-09-10T07:31:52.577Z] Platform:      win32
[debug] [2018-09-10T07:31:52.577Z] Node Version:  v8.11.4
[debug] [2018-09-10T07:31:52.578Z] Time:          Mon Sep 10 2018 16:31:52 GMT+0900 (도쿄 표준시)
[debug] [2018-09-10T07:31:52.578Z] ----------------------------------------------------------------------
[debug] 
[debug] [2018-09-10T07:31:52.642Z] > command requires scopes: ["email","openid","https://www.googleapis.com/auth/cloudplatformprojects.readonly","https://www.googleapis.com/auth/firebase","https://www.googleapis.com/auth/cloud-platform"]
[debug] [2018-09-10T07:31:52.643Z] > authorizing via signed-in user
[debug] [2018-09-10T07:31:52.645Z] > refreshing access token with scopes: ["email","https://www.googleapis.com/auth/cloud-platform","https://www.googleapis.com/auth/cloudplatformprojects.readonly","https://www.googleapis.com/auth/firebase","openid"]
[debug] [2018-09-10T07:31:52.645Z] >>> HTTP REQUEST POST https://www.googleapis.com/oauth2/v3/token  

[debug] [2018-09-10T07:31:52.915Z] <<< HTTP RESPONSE 200
[debug] [2018-09-10T07:31:52.996Z] >>> HTTP REQUEST GET https://admin.firebase.com/v1/projects/mkj-p1  
 
[debug] [2018-09-10T07:31:53.773Z] <<< HTTP RESPONSE 200
[debug] [2018-09-10T07:31:53.775Z] >>> HTTP REQUEST GET https://cloudresourcemanager.googleapis.com/v1/projects/mkj-p1  
 
[debug] [2018-09-10T07:31:54.633Z] <<< HTTP RESPONSE 200
[info] 
[info] === Serving from 'C:\work\mkj-project-no1'...
[info] 
[info] i  functions: Preparing to emulate functions.
[debug] [2018-09-10T07:32:05.354Z] Fetching environment
[debug] [2018-09-10T07:32:05.363Z] >>> HTTP REQUEST GET https://mobilesdk-pa.googleapis.com/v1/projects/161589727238:getServerAppConfig  
 
[debug] [2018-09-10T07:32:05.364Z] >>> HTTP REQUEST GET https://mobilesdk-pa.googleapis.com/v1/projects/161589727238/clients/_:getWebAppConfig  
 
[debug] [2018-09-10T07:32:06.043Z] <<< HTTP RESPONSE 200
[debug] [2018-09-10T07:32:06.046Z] Starting @google-cloud/functions-emulator
[debug] [2018-09-10T07:32:06.134Z] <<< HTTP RESPONSE 200
[info] i  hosting[mkj-p1]: Serving hosting files from: public
[info] +  hosting[mkj-p1]: Local server: http://localhost:5000
[info] [hosting] Rewriting / to local function app
[info] [hosting] Rewriting /favicon.ico to local function app
[debug] [2018-09-10T07:32:13.408Z] Parsing function triggers
[info] [hosting] Rewriting / to local function app
[info] [hosting] Rewriting /favicon.ico to local function app
[info] +  functions: app: http://localhost:5001/mkj-p1/us-central1/app
[info] [hosting] Rewriting / to local function app
[info] [hosting] Rewriting /favicon.ico to local function app
[info] [hosting] Rewriting / to local function app
[info] [hosting] Rewriting /favicon.ico to local function app
[info] [hosting] Rewriting / to local function app
[info] [hosting] Rewriting /favicon.ico to local function app
[info] [hosting] Rewriting / to local function app
[info] [hosting] Rewriting /favicon.ico to local function app
[info] [hosting] Rewriting / to local function app
[info] [hosting] Rewriting /init.js to local function app
[info] [hosting] Rewriting /init.js to local function app
[info] [hosting] Rewriting /favicon.ico to local function app
[info] [hosting] Rewriting / to local function app
[info] [hosting] Rewriting /init.js to local function app
[info] [hosting] Rewriting /init.js to local function app
[info] [hosting] Rewriting /favicon.ico to local function app
[info] [hosting] Rewriting / to local function app
[info] [hosting] Rewriting /init.js to local function app
[info] [hosting] Rewriting /init.js to local function app
[info] [hosting] Rewriting /favicon.ico to local function app
[info] [hosting] Rewriting / to local function app
[info] [hosting] Rewriting /favicon.ico to local function app
[info] [hosting] Rewriting / to local function app
[info] [hosting] Rewriting /css/style.css to local function app
[info] [hosting] Rewriting /favicon.ico to local function app
[info] [hosting] Rewriting /css/style.css to local function app
[info] [hosting] Rewriting / to local function app
[debug] [2018-09-10T08:07:40.360Z] ----------------------------------------------------------------------
[debug] [2018-09-10T08:07:40.362Z] Command:       C:\Program Files\nodejs\node.exe C:\Users\bjchoi\AppData\Roaming\npm\node_modules\firebase-tools\bin\firebase serve
[debug] [2018-09-10T08:07:40.362Z] CLI Version:   4.2.1
[debug] [2018-09-10T08:07:40.363Z] Platform:      win32
[debug] [2018-09-10T08:07:40.363Z] Node Version:  v8.11.4
[debug] [2018-09-10T08:07:40.363Z] Time:          Mon Sep 10 2018 17:07:40 GMT+0900 (도쿄 표준시)
[debug] [2018-09-10T08:07:40.363Z] ----------------------------------------------------------------------
[debug] 
[debug] [2018-09-10T08:07:40.385Z] > command requires scopes: ["email","openid","https://www.googleapis.com/auth/cloudplatformprojects.readonly","https://www.googleapis.com/auth/firebase","https://www.googleapis.com/auth/cloud-platform"]
[debug] [2018-09-10T08:07:40.386Z] > authorizing via signed-in user
[debug] [2018-09-10T08:07:40.389Z] >>> HTTP REQUEST GET https://admin.firebase.com/v1/projects/mkj-p1  
 
[debug] [2018-09-10T08:07:41.409Z] <<< HTTP RESPONSE 200
[debug] [2018-09-10T08:07:41.414Z] >>> HTTP REQUEST GET https://cloudresourcemanager.googleapis.com/v1/projects/mkj-p1  
 
[debug] [2018-09-10T08:07:42.265Z] <<< HTTP RESPONSE 200
[info] 
[info] === Serving from 'C:\work\mkj-project-no1'...
[info] 
[info] i  functions: Preparing to emulate functions.
[debug] [2018-09-10T08:07:43.697Z] Fetching environment
[debug] [2018-09-10T08:07:43.701Z] >>> HTTP REQUEST GET https://mobilesdk-pa.googleapis.com/v1/projects/161589727238:getServerAppConfig  
 
[debug] [2018-09-10T08:07:43.701Z] >>> HTTP REQUEST GET https://mobilesdk-pa.googleapis.com/v1/projects/161589727238/clients/_:getWebAppConfig  
 
[debug] [2018-09-10T08:07:44.096Z] <<< HTTP RESPONSE 200
[debug] [2018-09-10T08:07:44.098Z] Starting @google-cloud/functions-emulator
[debug] [2018-09-10T08:07:44.273Z] <<< HTTP RESPONSE 200
[info] i  hosting[mkj-p1]: Serving hosting files from: public
[info] +  hosting[mkj-p1]: Local server: http://localhost:5000
[debug] [2018-09-10T08:07:46.837Z] Parsing function triggers
[info] +  functions: app: http://localhost:5001/mkj-p1/us-central1/app
[info] [hosting] Rewriting / to local function app
[info] [hosting] Rewriting / to local function app
[info] [hosting] Rewriting / to local function app
[info] [hosting] Rewriting / to local function app
[info] [hosting] Rewriting / to local function app
[info] [hosting] Rewriting / to local function app
[info] [hosting] Rewriting / to local function app
[info] [hosting] Rewriting /css/style.css to local function app
[info] [hosting] Rewriting / to local function app
[info] [hosting] Rewriting /css/style.css to local function app
[info] [hosting] Rewriting / to local function app
[info] [hosting] Rewriting / to local function app
[info] [hosting] Rewriting / to local function app
[info] [hosting] Rewriting / to local function app
[info] [hosting] Rewriting / to local function app
[info] [hosting] Rewriting / to local function app
[info] [hosting] Rewriting / to local function app
[info] [hosting] Rewriting / to local function app
[info] [hosting] Rewriting /favicon.ico to local function app
[info] [hosting] Rewriting / to local function app
[info] [hosting] Rewriting /favicon.ico to local function app
[info] [hosting] Rewriting / to local function app
[info] [hosting] Rewriting /favicon.ico to local function app
[info] [hosting] Rewriting / to local function app
[info] [hosting] Rewriting /favicon.ico to local function app
[info] [hosting] Rewriting / to local function app
[info] [hosting] Rewriting /favicon.ico to local function app
[info] [hosting] Rewriting / to local function app
[info] [hosting] Rewriting /favicon.ico to local function app
[info] [hosting] Rewriting / to local function app
[info] [hosting] Rewriting /favicon.ico to local function app
[info] [hosting] Rewriting / to local function app
[info] [hosting] Rewriting / to local function app
[info] [hosting] Rewriting / to local function app
[info] [hosting] Rewriting / to local function app
[info] [hosting] Rewriting / to local function app
[info] [hosting] Rewriting / to local function app
[info] [hosting] Rewriting / to local function app
[info] [hosting] Rewriting / to local function app
[info] [hosting] Rewriting / to local function app
[info] [hosting] Rewriting / to local function app
[info] [hosting] Rewriting / to local function app
[info] [hosting] Rewriting / to local function app
[info] [hosting] Rewriting / to local function app
[info] [hosting] Rewriting / to local function app
[info] [hosting] Rewriting / to local function app
[info] [hosting] Rewriting / to local function app
[info] [hosting] Rewriting / to local function app
[info] [hosting] Rewriting / to local function app
[info] [hosting] Rewriting / to local function app
[info] [hosting] Rewriting / to local function app
[info] [hosting] Rewriting / to local function app
[info] [hosting] Rewriting / to local function app
[info] [hosting] Rewriting / to local function app
[info] [hosting] Rewriting / to local function app
[info] [hosting] Rewriting / to local function app
[info] [hosting] Rewriting / to local function app
[info] [hosting] Rewriting / to local function app
[info] [hosting] Rewriting / to local function app
[info] [hosting] Rewriting / to local function app
[info] [hosting] Rewriting / to local function app
[info] [hosting] Rewriting / to local function app
[info] [hosting] Rewriting / to local function app
[info] [hosting] Rewriting / to local function app
[info] [hosting] Rewriting / to local function app
[info] [hosting] Rewriting / to local function app
[info] [hosting] Rewriting / to local function app
[info] [hosting] Rewriting /favicon.ico to local function app
[info] [hosting] Rewriting / to local function app
[info] [hosting] Rewriting / to local function app
[info] [hosting] Rewriting / to local function app
[info] [hosting] Rewriting / to local function app
[info] [hosting] Rewriting / to local function app
[info] [hosting] Rewriting / to local function app
[info] [hosting] Rewriting / to local function app
[info] [hosting] Rewriting / to local function app
[info] [hosting] Rewriting / to local function app
[info] [hosting] Rewriting / to local function app
[info] [hosting] Rewriting / to local function app
